# JRE version: Java(TM) SE Runtime Environment (17.0.12+8) (build 17.0.12+8-LTS-286)
# Java VM: Java HotSpot(TM) 64-Bit Server VM (17.0.12+8-LTS-286, mixed mode, sharing, tiered, compressed oops, compressed class ptrs, g1 gc, windows-amd64)
GC Precious Log:
 CPUs: 8 total, 8 available
 Memory: 16198M
 Large Page Support: Disabled
 NUMA Support: Disabled
 Compressed Oops: Enabled (32-bit)
 Heap Region Size: 1M
 Heap Min Capacity: 256M
 Heap Initial Capacity: 256M
 Heap Max Capacity: 512M
 Pre-touch: Disabled
 Parallel Workers: 8
 Concurrent Workers: 2
 Concurrent Refinement Workers: 8
 Periodic GC: Disabled
Heap:
 garbage-first heap   total 262144K, used 173831K [0x00000000e0000000, 0x0000000100000000)
  region size 1024K, 133 young (136192K), 17 survivors (17408K)
 Metaspace       used 68222K, committed 69184K, reserved 393216K
  class space    used 9645K, committed 10112K, reserved 327680K
GC Heap History (14 events):
Event: 1.433 GC heap before
{Heap before GC invocations=0 (full 0):
 garbage-first heap   total 262144K, used 27648K [0x00000000e0000000, 0x0000000100000000)
  region size 1024K, 23 young (23552K), 0 survivors (0K)
 Metaspace       used 3042K, committed 3200K, reserved 393216K
  class space    used 363K, committed 384K, reserved 327680K
}
Event: 1.438 GC heap after
{Heap after GC invocations=1 (full 0):
 garbage-first heap   total 262144K, used 11045K [0x00000000e0000000, 0x0000000100000000)
  region size 1024K, 3 young (3072K), 3 survivors (3072K)
 Metaspace       used 3042K, committed 3200K, reserved 393216K
  class space    used 363K, committed 384K, reserved 327680K
}
Event: 2.148 GC heap before
{Heap before GC invocations=1 (full 0):
 garbage-first heap   total 262144K, used 39717K [0x00000000e0000000, 0x0000000100000000)
  region size 1024K, 29 young (29696K), 3 survivors (3072K)
 Metaspace       used 4616K, committed 4800K, reserved 393216K
  class space    used 586K, committed 640K, reserved 327680K
}
Event: 2.153 GC heap after
{Heap after GC invocations=2 (full 0):
 garbage-first heap   total 262144K, used 14320K [0x00000000e0000000, 0x0000000100000000)
  region size 1024K, 3 young (3072K), 3 survivors (3072K)
 Metaspace       used 4616K, committed 4800K, reserved 393216K
  class space    used 586K, committed 640K, reserved 327680K
}
Event: 5.599 GC heap before
{Heap before GC invocations=2 (full 0):
 garbage-first heap   total 262144K, used 130032K [0x00000000e0000000, 0x0000000100000000)
  region size 1024K, 116 young (118784K), 3 survivors (3072K)
 Metaspace       used 21129K, committed 21504K, reserved 393216K
  class space    used 2926K, committed 3072K, reserved 327680K
}
Event: 5.610 GC heap after
{Heap after GC invocations=3 (full 0):
 garbage-first heap   total 262144K, used 23323K [0x00000000e0000000, 0x0000000100000000)
  region size 1024K, 11 young (11264K), 11 survivors (11264K)
 Metaspace       used 21129K, committed 21504K, reserved 393216K
  class space    used 2926K, committed 3072K, reserved 327680K
}
Event: 8.330 GC heap before
{Heap before GC invocations=4 (full 0):
 garbage-first heap   total 262144K, used 128795K [0x00000000e0000000, 0x0000000100000000)
  region size 1024K, 116 young (118784K), 11 survivors (11264K)
 Metaspace       used 35482K, committed 35968K, reserved 393216K
  class space    used 4995K, committed 5248K, reserved 327680K
}
Event: 8.345 GC heap after
{Heap after GC invocations=5 (full 0):
 garbage-first heap   total 262144K, used 30838K [0x00000000e0000000, 0x0000000100000000)
  region size 1024K, 8 young (8192K), 8 survivors (8192K)
 Metaspace       used 35482K, committed 35968K, reserved 393216K
  class space    used 4995K, committed 5248K, reserved 327680K
}
Event: 12.720 GC heap before
{Heap before GC invocations=6 (full 0):
 garbage-first heap   total 262144K, used 174198K [0x00000000e0000000, 0x0000000100000000)
  region size 1024K, 148 young (151552K), 8 survivors (8192K)
 Metaspace       used 53827K, committed 54592K, reserved 393216K
  class space    used 7614K, committed 8000K, reserved 327680K
}
Event: 12.738 GC heap after
{Heap after GC invocations=7 (full 0):
 garbage-first heap   total 262144K, used 40394K [0x00000000e0000000, 0x0000000100000000)
  region size 1024K, 17 young (17408K), 17 survivors (17408K)
 Metaspace       used 53827K, committed 54592K, reserved 393216K
  class space    used 7614K, committed 8000K, reserved 327680K
}
Event: 14.445 GC heap before
{Heap before GC invocations=7 (full 0):
 garbage-first heap   total 262144K, used 123338K [0x00000000e0000000, 0x0000000100000000)
  region size 1024K, 100 young (102400K), 17 survivors (17408K)
 Metaspace       used 59377K, committed 60160K, reserved 393216K
  class space    used 8439K, committed 8832K, reserved 327680K
}
Event: 14.468 GC heap after
{Heap after GC invocations=8 (full 0):
 garbage-first heap   total 262144K, used 49071K [0x00000000e0000000, 0x0000000100000000)
  region size 1024K, 19 young (19456K), 19 survivors (19456K)
 Metaspace       used 59377K, committed 60160K, reserved 393216K
  class space    used 8439K, committed 8832K, reserved 327680K
}
Event: 19.540 GC heap before
{Heap before GC invocations=9 (full 0):
 garbage-first heap   total 262144K, used 186287K [0x00000000e0000000, 0x0000000100000000)
  region size 1024K, 153 young (156672K), 19 survivors (19456K)
 Metaspace       used 63266K, committed 64128K, reserved 393216K
  class space    used 8798K, committed 9216K, reserved 327680K
}
Event: 19.565 GC heap after
{Heap after GC invocations=10 (full 0):
 garbage-first heap   total 262144K, used 57095K [0x00000000e0000000, 0x0000000100000000)
  region size 1024K, 17 young (17408K), 17 survivors (17408K)
 Metaspace       used 63266K, committed 64128K, reserved 393216K
  class space    used 8798K, committed 9216K, reserved 327680K
}

